<testsuite tests='7' results='4' failures='3' disabled='0' errors='0' time='0.103' name='behavior.new_user_creation'>
  <testcase classname='behavior.new_user_creation' name='creation succesfull with correct username and password' time='0.002' />
  <testcase classname='behavior.new_user_creation' name='can login with succesfully generated account' time='0.002' />
  <testcase classname='behavior.new_user_creation' name='creation fails with correct username and too short password' time='0.009'>
    <failure message='Step "new user is not be registered to system" -- [&gt;, username:, password:, new user registered, &gt;] doesn&apos;t contain new user not registered'>Step "new user is not be registered to system" -- [&gt;, username:, password:, new user registered, &gt;] doesn't contain new user not registered

    scenario creation fails with correct username and too short password
      given command new user is selected
      when a valid username and too short password are entered
      then new user is not be registered to system</failure>
  </testcase>
  <testcase classname='behavior.new_user_creation' name='creation fails with correct username and password consisting of letters' time='0.006'>
    <failure message='Step "new user is not be registered to system" -- [&gt;, username:, password:, new user registered, &gt;] doesn&apos;t contain new user not registered'>Step "new user is not be registered to system" -- [&gt;, username:, password:, new user registered, &gt;] doesn't contain new user not registered

    scenario creation fails with correct username and password consisting of letters
      given command new user is selected
      when a valid username and password consisting of letters are entered
      then new user is not be registered to system</failure>
  </testcase>
  <testcase classname='behavior.new_user_creation' name='creation fails with too short username and valid pasword' time='0.002' />
  <testcase classname='behavior.new_user_creation' name='creation fails with already taken username and valid pasword' time='0.002' />
  <testcase classname='behavior.new_user_creation' name='can not login with account that is not succesfully created' time='0.001'>
    <failure message='Step "new credentials do not allow logging in to system" -- [&gt;, username:, password:, new user registered, &gt;, username:, password:, logged in, &gt;] should not contain logged in'>Step "new credentials do not allow logging in to system" -- [&gt;, username:, password:, new user registered, &gt;, username:, password:, logged in, &gt;] should not contain logged in

    scenario can not login with account that is not succesfully created
      given command new user is selected
      when a invalid username/password are entered
      then new credentials do not allow logging in to system</failure>
  </testcase>
</testsuite>